{"uuid":"10197aa8-c74b-4c93-b94c-cd38cd30ba3f","historyId":"bf0be91eb54babcb2c44c30d2c82dbd2","testCaseId":"9a0adeac4ff2d5b276f2104e61325c8c","fullName":"src/test/resources/features/UpdateBook.feature:21","labels":[{"name":"host","value":"LAPTOP-RCG9KJN8"},{"name":"thread","value":"21068@LAPTOP-RCG9KJN8.main(1)"},{"name":"feature","value":"Update Book API Functionality"},{"name":"story","value":"Validation failure for numeric title and author"},{"name":"suite","value":"Update Book API Functionality"},{"name":"testClass","value":"Validation failure for numeric title and author"},{"name":"framework","value":"cucumber4jvm"},{"name":"language","value":"java"},{"name":"gherkin_uri","value":"file:///C:/Users/ASUS/Dropbox/My%20PC%20(LAPTOP-RCG9KJN8)/Documents/GitHub/ITQA-Group-5/APITesting/src/test/resources/features/UpdateBook.feature"},{"name":"package","value":"src.test.resources.features.UpdateBook_feature.Update Book API Functionality"}],"links":[],"name":"Validation failure for numeric title and author","status":"failed","statusDetails":{"known":false,"muted":false,"flaky":false,"message":"Unexpected status code! expected [400] but found [200]","trace":"java.lang.AssertionError: Unexpected status code! expected [400] but found [200]\r\n\tat org.testng.Assert.fail(Assert.java:110)\r\n\tat org.testng.Assert.failNotEquals(Assert.java:1577)\r\n\tat org.testng.Assert.assertEqualsImpl(Assert.java:149)\r\n\tat org.testng.Assert.assertEquals(Assert.java:131)\r\n\tat org.testng.Assert.assertEquals(Assert.java:1418)\r\n\tat org.testng.Assert.assertEquals(Assert.java:1382)\r\n\tat org.example.stepdefs.UpdateBookAPIStepDef.iShouldReceiveAStatusCodeOf(UpdateBookAPIStepDef.java:62)\r\n\tat ✽.I should receive a status code of 400(file:///C:/Users/ASUS/Dropbox/My%20PC%20(LAPTOP-RCG9KJN8)/Documents/GitHub/ITQA-Group-5/APITesting/src/test/resources/features/UpdateBook.feature:26)\r\n"},"stage":"finished","steps":[{"name":"Given I am authenticated as \"admin\"","status":"passed","statusDetails":{"known":false,"muted":false,"flaky":false},"stage":"finished","steps":[],"attachments":[],"parameters":[],"start":1735928292795,"stop":1735928292797},{"name":"When I send a PUT request to \"/api/books/2\" with the following details:","status":"passed","statusDetails":{"known":false,"muted":false,"flaky":false},"stage":"finished","steps":[],"attachments":[{"name":"Data table","source":"0f843d30-9dbb-484b-a3e5-b660008767a3-attachment.csv","type":"text/tab-separated-values"}],"parameters":[],"start":1735928292797,"stop":1735928293132},{"name":"Then I should receive a status code of 400","status":"failed","statusDetails":{"known":false,"muted":false,"flaky":false,"message":"Unexpected status code! expected [400] but found [200]","trace":"java.lang.AssertionError: Unexpected status code! expected [400] but found [200]\r\n\tat org.testng.Assert.fail(Assert.java:110)\r\n\tat org.testng.Assert.failNotEquals(Assert.java:1577)\r\n\tat org.testng.Assert.assertEqualsImpl(Assert.java:149)\r\n\tat org.testng.Assert.assertEquals(Assert.java:131)\r\n\tat org.testng.Assert.assertEquals(Assert.java:1418)\r\n\tat org.testng.Assert.assertEquals(Assert.java:1382)\r\n\tat org.example.stepdefs.UpdateBookAPIStepDef.iShouldReceiveAStatusCodeOf(UpdateBookAPIStepDef.java:62)\r\n\tat ✽.I should receive a status code of 400(file:///C:/Users/ASUS/Dropbox/My%20PC%20(LAPTOP-RCG9KJN8)/Documents/GitHub/ITQA-Group-5/APITesting/src/test/resources/features/UpdateBook.feature:26)\r\n"},"stage":"finished","steps":[],"attachments":[],"parameters":[],"start":1735928293133,"stop":1735928293135},{"name":"And the response message should be \"Invalid Input Parameters\"","status":"skipped","statusDetails":{"known":false,"muted":false,"flaky":false},"stage":"finished","steps":[],"attachments":[],"parameters":[],"start":1735928293136,"stop":1735928293137}],"attachments":[],"parameters":[],"start":1735928292774,"stop":1735928293166}